* Hostname was NOT found in DNS cache
  % Total    % Received % Xferd  Average Speed   Time    Time     Time  Current
                                 Dload  Upload   Total   Spent    Left  Speed
  0     0    0     0    0     0      0      0 --:--:-- --:--:-- --:--:--     0*   Trying ::1...
*   Trying 127.0.0.1...
* Connected to localhost (127.0.0.1) port 3000 (#0)
> POST /session HTTP/1.1
> User-Agent: curl/7.36.0
> Host: localhost:3000
> Accept: */*
> Content-Type: application/json
> Content-Length: 25
> 
} [data not shown]
* upload completely sent off: 25 out of 25 bytes
< HTTP/1.1 200 OK
< X-Powered-By: Express
< Content-Type: application/json; charset=utf-8
< Content-Length: 115
< Date: Mon, 27 Oct 2014 23:44:48 GMT
< Connection: keep-alive
< 
{ [data not shown]
100   140  100   115  100    25    491    106 --:--:-- --:--:-- --:--:--   527"eyJ0eXAiOiJKV1QiLCJhbGciOiJIUzI1NiJ9.eyJ1c2VybmFtZSI6ImRpY2tleXh4eCJ9.0w1RshE-2k7r94VmFZeSH_JBOTAg90EecznduMwaEGc"
* Connection #0 to host localhost left intact
