27 Oct 19:29:00 - [33m[nodemon] v1.2.1[39m
27 Oct 19:29:00 - [33m[nodemon] to restart at any time, enter `rs`[39m
27 Oct 19:29:00 - [33m[nodemon] watching: *.*[39m
27 Oct 19:29:00 - [32m[nodemon] starting `node server.js`[39m
Listening on port 3000...
Error: invalid json
    at parse (c:\inetpub\wwwroot\dickey\ch7\node_modules\body-parser\lib\types\json.js:72:15)
    at c:\inetpub\wwwroot\dickey\ch7\node_modules\body-parser\lib\read.js:98:18
    at IncomingMessage.onEnd (c:\inetpub\wwwroot\dickey\ch7\node_modules\body-parser\node_modules\raw-body\index.js:136:7)
    at IncomingMessage.g (events.js:175:14)
    at IncomingMessage.EventEmitter.emit (events.js:92:17)
    at _stream_readable.js:910:16
    at process._tickCallback (node.js:415:13)
Error: invalid json
    at parse (c:\inetpub\wwwroot\dickey\ch7\node_modules\body-parser\lib\types\json.js:72:15)
    at c:\inetpub\wwwroot\dickey\ch7\node_modules\body-parser\lib\read.js:98:18
    at IncomingMessage.onEnd (c:\inetpub\wwwroot\dickey\ch7\node_modules\body-parser\node_modules\raw-body\index.js:136:7)
    at IncomingMessage.g (events.js:175:14)
    at IncomingMessage.EventEmitter.emit (events.js:92:17)
    at _stream_readable.js:910:16
    at process._tickCallback (node.js:415:13)
ReferenceError: user is not defined
    at app.get.token (c:\inetpub\wwwroot\dickey\ch7\server.js:16:98)
    at Layer.handle [as handle_request] (c:\inetpub\wwwroot\dickey\ch7\node_modules\express\lib\router\layer.js:82:5)
    at next (c:\inetpub\wwwroot\dickey\ch7\node_modules\express\lib\router\route.js:100:13)
    at Route.dispatch (c:\inetpub\wwwroot\dickey\ch7\node_modules\express\lib\router\route.js:81:3)
    at Layer.handle [as handle_request] (c:\inetpub\wwwroot\dickey\ch7\node_modules\express\lib\router\layer.js:82:5)
    at c:\inetpub\wwwroot\dickey\ch7\node_modules\express\lib\router\index.js:234:24
    at Function.proto.process_params (c:\inetpub\wwwroot\dickey\ch7\node_modules\express\lib\router\index.js:312:12)
    at c:\inetpub\wwwroot\dickey\ch7\node_modules\express\lib\router\index.js:228:12
    at Function.match_layer (c:\inetpub\wwwroot\dickey\ch7\node_modules\express\lib\router\index.js:295:3)
    at next (c:\inetpub\wwwroot\dickey\ch7\node_modules\express\lib\router\index.js:189:10)
27 Oct 19:40:06 - [32m[nodemon] restarting due to changes...[39m
27 Oct 19:40:06 - [32m[nodemon] starting `node server.js`[39m
Listening on port 3000...
27 Oct 19:40:26 - [32m[nodemon] restarting due to changes...[39m
27 Oct 19:40:26 - [32m[nodemon] starting `node server.js`[39m
*** Listening on port 3000...
*** POST /session: our_username =  dickeyxxx  new token =  eyJ0eXAiOiJKV1QiLCJhbGciOiJIUzI1NiJ9.eyJ1c2VybmFtZSI6ImRpY2tleXh4eCJ9.0w1RshE-2k7r94VmFZeSH_JBOTAg90EecznduMwaEGc
TypeError: Cannot call method 'split' of undefined
    at Object.jwt_decode [as decode] (c:\inetpub\wwwroot\dickey\ch7\node_modules\jwt-simple\lib\jwt.js:59:24)
    at i_port (c:\inetpub\wwwroot\dickey\ch7\server.js:23:17)
    at Layer.handle [as handle_request] (c:\inetpub\wwwroot\dickey\ch7\node_modules\express\lib\router\layer.js:82:5)
    at next (c:\inetpub\wwwroot\dickey\ch7\node_modules\express\lib\router\route.js:100:13)
    at Route.dispatch (c:\inetpub\wwwroot\dickey\ch7\node_modules\express\lib\router\route.js:81:3)
    at Layer.handle [as handle_request] (c:\inetpub\wwwroot\dickey\ch7\node_modules\express\lib\router\layer.js:82:5)
    at c:\inetpub\wwwroot\dickey\ch7\node_modules\express\lib\router\index.js:234:24
    at Function.proto.process_params (c:\inetpub\wwwroot\dickey\ch7\node_modules\express\lib\router\index.js:312:12)
    at c:\inetpub\wwwroot\dickey\ch7\node_modules\express\lib\router\index.js:228:12
    at Function.match_layer (c:\inetpub\wwwroot\dickey\ch7\node_modules\express\lib\router\index.js:295:3)
*** POST /session: our_username =  dickeyxxx  new token =  eyJ0eXAiOiJKV1QiLCJhbGciOiJIUzI1NiJ9.eyJ1c2VybmFtZSI6ImRpY2tleXh4eCJ9.0w1RshE-2k7r94VmFZeSH_JBOTAg90EecznduMwaEGc
*** GET /user: token =  eyJ0eXAiOiJKV1QiLCJhbGciOiJIUzI1NiJ9.eyJ1c2VybmFtZSI6ImRpY2tleXh4eCJ9.0w1RshE-2k7r94VmFZeSH_JBOTAg90EecznduMwaEGc  user =  { username: 'dickeyxxx' }
Error: Signature verification failed
    at Object.jwt_decode [as decode] (c:\inetpub\wwwroot\dickey\ch7\node_modules\jwt-simple\lib\jwt.js:83:13)
    at i_port (c:\inetpub\wwwroot\dickey\ch7\server.js:23:17)
    at Layer.handle [as handle_request] (c:\inetpub\wwwroot\dickey\ch7\node_modules\express\lib\router\layer.js:82:5)
    at next (c:\inetpub\wwwroot\dickey\ch7\node_modules\express\lib\router\route.js:100:13)
    at Route.dispatch (c:\inetpub\wwwroot\dickey\ch7\node_modules\express\lib\router\route.js:81:3)
    at Layer.handle [as handle_request] (c:\inetpub\wwwroot\dickey\ch7\node_modules\express\lib\router\layer.js:82:5)
    at c:\inetpub\wwwroot\dickey\ch7\node_modules\express\lib\router\index.js:234:24
    at Function.proto.process_params (c:\inetpub\wwwroot\dickey\ch7\node_modules\express\lib\router\index.js:312:12)
    at c:\inetpub\wwwroot\dickey\ch7\node_modules\express\lib\router\index.js:228:12
    at Function.match_layer (c:\inetpub\wwwroot\dickey\ch7\node_modules\express\lib\router\index.js:295:3)
*** GET /user: token =  eyJ0eXAiOiJKV1QiLCJhbGciOiJIUzI1NiJ9.eyJ1c2VybmFtZSI6ImRpY2tleXh4eCJ9.0w1RshE-2k7r94VmFZeSH_JBOTAg90EecznduMwaEGc  user =  { username: 'dickeyxxx' }
